2022-02-10 22:44:55.746  INFO 44277 --- [main] c.vel2ppyam.matsgo.ApiServerApplication  : Starting ApiServerApplication on onulhoiui-MacBookPro.local with PID 44277 (/Users/onulhoi/south_daria/mats-go-java/api-server/build/classes/java/main started by onulhoi in /Users/onulhoi/south_daria/mats-go-java)
2022-02-10 22:44:55.748  INFO 44277 --- [main] c.vel2ppyam.matsgo.ApiServerApplication  : The following profiles are active: httpclient,development
2022-02-10 22:44:56.243  INFO 44277 --- [main] o.s.b.w.embedded.tomcat.TomcatWebServer  : Tomcat initialized with port(s): 1319 (http)
2022-02-10 22:44:56.248  INFO 44277 --- [main] o.apache.catalina.core.StandardService   : Starting service [Tomcat]
2022-02-10 22:44:56.248  INFO 44277 --- [main] org.apache.catalina.core.StandardEngine  : Starting Servlet engine: [Apache Tomcat/9.0.27]
2022-02-10 22:44:56.291  INFO 44277 --- [main] o.a.c.c.C.[Tomcat].[localhost].[/]       : Initializing Spring embedded WebApplicationContext
2022-02-10 22:44:56.291  INFO 44277 --- [main] o.s.web.context.ContextLoader            : Root WebApplicationContext: initialization completed in 519 ms
2022-02-10 22:44:56.386  INFO 44277 --- [main] o.s.s.concurrent.ThreadPoolTaskExecutor  : Initializing ExecutorService 'applicationTaskExecutor'
2022-02-10 22:44:56.486  INFO 44277 --- [main] o.apache.catalina.core.StandardService   : Stopping service [Tomcat]
2022-02-10 22:44:56.490  INFO 44277 --- [main] ConditionEvaluationReportLoggingListener : 

Error starting ApplicationContext. To display the conditions report re-run your application with 'debug' enabled.
2022-02-10 22:44:56.494 ERROR 44277 --- [main] o.s.b.d.LoggingFailureAnalysisReporter   : 

***************************
APPLICATION FAILED TO START
***************************

Description:

Web server failed to start. Port 1319 was already in use.

Action:

Identify and stop the process that's listening on port 1319 or configure this application to listen on another port.

2022-02-10 22:44:56.495  INFO 44277 --- [main] o.s.s.concurrent.ThreadPoolTaskExecutor  : Shutting down ExecutorService 'applicationTaskExecutor'
2022-02-10 22:45:04.221  INFO 44294 --- [main] c.v.matsgo.AdminServerApplication        : Starting AdminServerApplication on onulhoiui-MacBookPro.local with PID 44294 (/Users/onulhoi/south_daria/mats-go-java/admin-server/build/classes/java/main started by onulhoi in /Users/onulhoi/south_daria/mats-go-java)
2022-02-10 22:45:04.223  INFO 44294 --- [main] c.v.matsgo.AdminServerApplication        : The following profiles are active: httpclient,development
2022-02-10 22:45:04.704  INFO 44294 --- [main] o.s.b.w.embedded.tomcat.TomcatWebServer  : Tomcat initialized with port(s): 1320 (http)
2022-02-10 22:45:04.709  INFO 44294 --- [main] o.apache.catalina.core.StandardService   : Starting service [Tomcat]
2022-02-10 22:45:04.710  INFO 44294 --- [main] org.apache.catalina.core.StandardEngine  : Starting Servlet engine: [Apache Tomcat/9.0.27]
2022-02-10 22:45:04.749  INFO 44294 --- [main] o.a.c.c.C.[Tomcat].[localhost].[/]       : Initializing Spring embedded WebApplicationContext
2022-02-10 22:45:04.749  INFO 44294 --- [main] o.s.web.context.ContextLoader            : Root WebApplicationContext: initialization completed in 503 ms
2022-02-10 22:45:04.848  INFO 44294 --- [main] o.s.s.concurrent.ThreadPoolTaskExecutor  : Initializing ExecutorService 'applicationTaskExecutor'
2022-02-10 22:45:04.956  INFO 44294 --- [main] o.apache.catalina.core.StandardService   : Stopping service [Tomcat]
2022-02-10 22:45:04.959  INFO 44294 --- [main] ConditionEvaluationReportLoggingListener : 

Error starting ApplicationContext. To display the conditions report re-run your application with 'debug' enabled.
2022-02-10 22:45:04.964 ERROR 44294 --- [main] o.s.b.d.LoggingFailureAnalysisReporter   : 

***************************
APPLICATION FAILED TO START
***************************

Description:

Web server failed to start. Port 1320 was already in use.

Action:

Identify and stop the process that's listening on port 1320 or configure this application to listen on another port.

2022-02-10 22:45:04.967  INFO 44294 --- [main] o.s.s.concurrent.ThreadPoolTaskExecutor  : Shutting down ExecutorService 'applicationTaskExecutor'
2022-02-10 22:45:35.090  INFO 44519 --- [main] c.v.matsgo.AdminServerApplication        : Starting AdminServerApplication on onulhoiui-MacBookPro.local with PID 44519 (/Users/onulhoi/south_daria/mats-go-java/admin-server/build/classes/java/main started by onulhoi in /Users/onulhoi/south_daria/mats-go-java)
2022-02-10 22:45:35.092  INFO 44519 --- [main] c.v.matsgo.AdminServerApplication        : The following profiles are active: httpclient,development
2022-02-10 22:45:35.782  INFO 44519 --- [main] o.s.b.w.embedded.tomcat.TomcatWebServer  : Tomcat initialized with port(s): 1320 (http)
2022-02-10 22:45:35.788  INFO 44519 --- [main] o.apache.catalina.core.StandardService   : Starting service [Tomcat]
2022-02-10 22:45:35.789  INFO 44519 --- [main] org.apache.catalina.core.StandardEngine  : Starting Servlet engine: [Apache Tomcat/9.0.27]
2022-02-10 22:45:35.840  INFO 44519 --- [main] o.a.c.c.C.[Tomcat].[localhost].[/]       : Initializing Spring embedded WebApplicationContext
2022-02-10 22:45:35.840  INFO 44519 --- [main] o.s.web.context.ContextLoader            : Root WebApplicationContext: initialization completed in 707 ms
2022-02-10 22:45:35.939  INFO 44519 --- [main] o.s.s.concurrent.ThreadPoolTaskExecutor  : Initializing ExecutorService 'applicationTaskExecutor'
2022-02-10 22:45:36.049  INFO 44519 --- [main] o.s.b.w.embedded.tomcat.TomcatWebServer  : Tomcat started on port(s): 1320 (http) with context path ''
2022-02-10 22:45:36.052  INFO 44519 --- [main] c.v.matsgo.AdminServerApplication        : Started AdminServerApplication in 1.309 seconds (JVM running for 1.688)
2022-02-10 22:45:44.220  INFO 44536 --- [main] c.vel2ppyam.matsgo.ApiServerApplication  : Starting ApiServerApplication on onulhoiui-MacBookPro.local with PID 44536 (/Users/onulhoi/south_daria/mats-go-java/api-server/build/classes/java/main started by onulhoi in /Users/onulhoi/south_daria/mats-go-java)
2022-02-10 22:45:44.222  INFO 44536 --- [main] c.vel2ppyam.matsgo.ApiServerApplication  : The following profiles are active: httpclient,development
2022-02-10 22:45:44.823  INFO 44536 --- [main] o.s.b.w.embedded.tomcat.TomcatWebServer  : Tomcat initialized with port(s): 1319 (http)
2022-02-10 22:45:44.829  INFO 44536 --- [main] o.apache.catalina.core.StandardService   : Starting service [Tomcat]
2022-02-10 22:45:44.830  INFO 44536 --- [main] org.apache.catalina.core.StandardEngine  : Starting Servlet engine: [Apache Tomcat/9.0.27]
2022-02-10 22:45:44.880  INFO 44536 --- [main] o.a.c.c.C.[Tomcat].[localhost].[/]       : Initializing Spring embedded WebApplicationContext
2022-02-10 22:45:44.880  INFO 44536 --- [main] o.s.web.context.ContextLoader            : Root WebApplicationContext: initialization completed in 635 ms
2022-02-10 22:45:45.001  INFO 44536 --- [main] o.s.s.concurrent.ThreadPoolTaskExecutor  : Initializing ExecutorService 'applicationTaskExecutor'
2022-02-10 22:45:45.126  INFO 44536 --- [main] o.s.b.w.embedded.tomcat.TomcatWebServer  : Tomcat started on port(s): 1319 (http) with context path ''
2022-02-10 22:45:45.129  INFO 44536 --- [main] c.vel2ppyam.matsgo.ApiServerApplication  : Started ApiServerApplication in 1.197 seconds (JVM running for 1.615)
